<?xml version="1.0" encoding="UTF-8"?>
<testsuite errors="0" failures="0" hostname="WWW-EA6D797D6EE" name="edu.buaa.test.ParkPlaceTest" tests="2" time="0.0" timestamp="2012-12-20T11:15:15">
  <properties />
  <testcase classname="edu.buaa.test.ParkPlaceTest" name="parkBoy_ShouldParkCar" time="0.0" />
  <testcase classname="edu.buaa.test.ParkPlaceTest" name="parkBoy_ShouldfetchCar" time="0.0" />
  <system-out><![CDATA[]]></system-out>
  <system-err><![CDATA[]]></system-err>
</testsuite>
