<?xml version="1.0" encoding="UTF-8"?>
<testsuite errors="0" failures="0" hostname="WWW-EA6D797D6EE" name="edu.buaa.test.ParkPlaceBoyTest_WhenHavingSeveralParkplace" tests="6" time="0.0" timestamp="2012-12-20T11:15:15">
  <properties />
  <testcase classname="edu.buaa.test.ParkPlaceBoyTest_WhenHavingSeveralParkplace" name="should_park_in_the_first_parkplace_if_park_availableSize_same" time="0.0" />
  <testcase classname="edu.buaa.test.ParkPlaceBoyTest_WhenHavingSeveralParkplace" name="should_park_Sucess_when_park_is_empty" time="0.0" />
  <testcase classname="edu.buaa.test.ParkPlaceBoyTest_WhenHavingSeveralParkplace" name="should_fetch_Sucess_when_park_is_empty" time="0.0" />
  <testcase classname="edu.buaa.test.ParkPlaceBoyTest_WhenHavingSeveralParkplace" name="should_fetch_Sucess_when_park_is_notempty" time="0.0" />
  <testcase classname="edu.buaa.test.ParkPlaceBoyTest_WhenHavingSeveralParkplace" name="should_throwParkFullException_if_park_when_park_is_full" time="0.0" />
  <testcase classname="edu.buaa.test.ParkPlaceBoyTest_WhenHavingSeveralParkplace" name="should_park_in_the_more_empty_parkplace" time="0.0" />
  <system-out><![CDATA[]]></system-out>
  <system-err><![CDATA[]]></system-err>
</testsuite>
